<?xml version="1.0" encoding="UTF-8"?>
<testsuite name="com.mylearning.AutomatedHttpTests" time="0.808000" tests="6" errors="0" skipped="0" failures="5">
    <testcase name="Test 100" classname="com.mylearning.AutomatedHttpTests" time="0.000000">
        <failure>
            POST /transactions: Status code.
        </failure>
    </testcase>
    <testcase name="Outdated transactions" classname="com.mylearning.AutomatedHttpTests" time="0.460000">
        <failure>
            GET /statistics: Response Json does not match with the expected Json.
        </failure>
    </testcase>
    <testcase name="Random transactions" classname="com.mylearning.AutomatedHttpTests" time="0.000000">
        <failure>
            POST /transactions: Status code.
        </failure>
    </testcase>
    <testcase name="Expiring transactions" classname="com.mylearning.AutomatedHttpTests" time="0.000000">
        <failure>
            GET /statistics: Response Json does not match with the expected Json.
        </failure>
    </testcase>
    <testcase name="JSON errors" classname="com.mylearning.AutomatedHttpTests" time="0.000000">
        <failure>
            POST /transactions: Status code.
        </failure>
    </testcase>
    <testcase name="BigDecimal rounding" classname="com.mylearning.AutomatedHttpTests" time="0.602000"/>
</testsuite>
